Candidate ID: 141, Name: Ashley A. Dickson, Votes: 2
Candidate ID: 154, Name: Samantha O. Miller, Votes: 0
Candidate ID: 148, Name: Kyle D. Stewart, Votes: 1
Candidate ID: 141, Name: Ashley A. Dickson, Votes: 2
Candidate ID: 154, Name: Samantha O. Miller, Votes: 0
Candidate ID: 148, Name: Kyle D. Stewart, Votes: 1
Candidate ID: 141, Name: Ashley A. Dickson, Votes: 2
Candidate ID: 154, Name: Samantha O. Miller, Votes: 0
Candidate ID: 148, Name: Kyle D. Stewart, Votes: 1
Candidate ID: 142, Name: Autumn P. Long, Votes: 1
Candidate ID: 150, Name: Karen R. Scott, Votes: 1
Candidate ID: 142, Name: Autumn P. Long, Votes: 1
Candidate ID: 150, Name: Karen R. Scott, Votes: 1
Candidate ID: 142, Name: Autumn P. Long, Votes: 1
Candidate ID: 150, Name: Karen R. Scott, Votes: 1
Candidate ID: 143, Name: Debbie B. Glover, Votes: 0
Candidate ID: 151, Name: Ms. W. Page, Votes: 1
Candidate ID: 143, Name: Debbie B. Glover, Votes: 0
Candidate ID: 151, Name: Ms. W. Page, Votes: 1
Candidate ID: 143, Name: Debbie B. Glover, Votes: 0
Candidate ID: 151, Name: Ms. W. Page, Votes: 1
Candidate ID: 153, Name: Dominic L. Clarke, Votes: 0
Candidate ID: 146, Name: Kyle T. Braun, Votes: 0
Candidate ID: 153, Name: Dominic L. Clarke, Votes: 0
Candidate ID: 146, Name: Kyle T. Braun, Votes: 0
Candidate ID: 153, Name: Dominic L. Clarke, Votes: 0
Candidate ID: 146, Name: Kyle T. Braun, Votes: 0
Candidate ID: 155, Name: Eduardo K. Scott, Votes: 0
Candidate ID: 147, Name: James Y. Garcia, Votes: 0
Candidate ID: 152, Name: Ryan O. Hayes, Votes: 0
Candidate ID: 155, Name: Eduardo K. Scott, Votes: 0
Candidate ID: 147, Name: James Y. Garcia, Votes: 0
Candidate ID: 152, Name: Ryan O. Hayes, Votes: 0
Candidate ID: 155, Name: Eduardo K. Scott, Votes: 0
Candidate ID: 147, Name: James Y. Garcia, Votes: 0
Candidate ID: 152, Name: Ryan O. Hayes, Votes: 0
Candidate ID: 156, Name: James H. Torres, Votes: 0
Candidate ID: 149, Name: Joseph H. Rodriguez, Votes: 0
Candidate ID: 156, Name: James H. Torres, Votes: 0
Candidate ID: 149, Name: Joseph H. Rodriguez, Votes: 0
Candidate ID: 156, Name: James H. Torres, Votes: 0
Candidate ID: 149, Name: Joseph H. Rodriguez, Votes: 0
Candidate ID: 157, Name: Amanda R. Hall, Votes: 0
Candidate ID: 159, Name: Robert X. Taylor, Votes: 0
Candidate ID: 158, Name: Collin L. Logan, Votes: 1
Candidate ID: 157, Name: Amanda R. Hall, Votes: 0
Candidate ID: 159, Name: Robert X. Taylor, Votes: 0
Candidate ID: 158, Name: Collin L. Logan, Votes: 1
Candidate ID: 157, Name: Amanda R. Hall, Votes: 0
Candidate ID: 159, Name: Robert X. Taylor, Votes: 0
Candidate ID: 158, Name: Collin L. Logan, Votes: 1
Candidate ID: 160, Name: Rosario Bautista Ramos, Votes: 1
Candidate ID: 162, Name: Maria Rivera Torres, Votes: 0
Candidate ID: 164, Name: Josefina Lopez Reyes, Votes: 0
Candidate ID: 173, Name: Pedro Torres Garcia, Votes: 0
Candidate ID: 172, Name: Teresa Lopez Torres, Votes: 0
Candidate ID: 169, Name: Maria Domingo Garcia, Votes: 0
Candidate ID: 171, Name: Andres Domingo Ramos, Votes: 0
Candidate ID: 165, Name: Ramon Rivera Gonzales, Votes: 0
Candidate ID: 170, Name: Carmen Torres Bautista, Votes: 0
Candidate ID: 167, Name: Josefina Lopez Mendoza, Votes: 0
Candidate ID: 160, Name: Rosario Bautista Ramos, Votes: 1
Candidate ID: 162, Name: Maria Rivera Torres, Votes: 0
Candidate ID: 164, Name: Josefina Lopez Reyes, Votes: 0
Candidate ID: 173, Name: Pedro Torres Garcia, Votes: 0
Candidate ID: 172, Name: Teresa Lopez Torres, Votes: 0
Candidate ID: 169, Name: Maria Domingo Garcia, Votes: 0
Candidate ID: 171, Name: Andres Domingo Ramos, Votes: 0
Candidate ID: 165, Name: Ramon Rivera Gonzales, Votes: 0
Candidate ID: 170, Name: Carmen Torres Bautista, Votes: 0
Candidate ID: 167, Name: Josefina Lopez Mendoza, Votes: 0
Candidate ID: 160, Name: Rosario Bautista Ramos, Votes: 1
Candidate ID: 162, Name: Maria Rivera Torres, Votes: 0
Candidate ID: 164, Name: Josefina Lopez Reyes, Votes: 0
Candidate ID: 173, Name: Pedro Torres Garcia, Votes: 0
Candidate ID: 172, Name: Teresa Lopez Torres, Votes: 0
Candidate ID: 169, Name: Maria Domingo Garcia, Votes: 0
Candidate ID: 171, Name: Andres Domingo Ramos, Votes: 0
Candidate ID: 165, Name: Ramon Rivera Gonzales, Votes: 0
Candidate ID: 170, Name: Carmen Torres Bautista, Votes: 0
Candidate ID: 167, Name: Josefina Lopez Mendoza, Votes: 0
Candidate ID: 160, Name: Rosario Bautista Ramos, Votes: 1
Candidate ID: 162, Name: Maria Rivera Torres, Votes: 0
Candidate ID: 164, Name: Josefina Lopez Reyes, Votes: 0
Candidate ID: 173, Name: Pedro Torres Garcia, Votes: 0
Candidate ID: 172, Name: Teresa Lopez Torres, Votes: 0
Candidate ID: 169, Name: Maria Domingo Garcia, Votes: 0
Candidate ID: 171, Name: Andres Domingo Ramos, Votes: 0
Candidate ID: 165, Name: Ramon Rivera Gonzales, Votes: 0
Candidate ID: 170, Name: Carmen Torres Bautista, Votes: 0
Candidate ID: 167, Name: Josefina Lopez Mendoza, Votes: 0
Candidate ID: 161, Name: Ramon Torres Torres, Votes: 0
Candidate ID: 163, Name: Luis Cruz Ramos, Votes: 1
Candidate ID: 166, Name: Ramon Reyes Garcia, Votes: 0
Candidate ID: 168, Name: Rosario Lopez Dela Cruz, Votes: 0
Candidate ID: 161, Name: Ramon Torres Torres, Votes: 0
Candidate ID: 163, Name: Luis Cruz Ramos, Votes: 1
Candidate ID: 166, Name: Ramon Reyes Garcia, Votes: 0
Candidate ID: 168, Name: Rosario Lopez Dela Cruz, Votes: 0
Candidate ID: 161, Name: Ramon Torres Torres, Votes: 0
Candidate ID: 163, Name: Luis Cruz Ramos, Votes: 1
Candidate ID: 166, Name: Ramon Reyes Garcia, Votes: 0
Candidate ID: 168, Name: Rosario Lopez Dela Cruz, Votes: 0
Candidate ID: 161, Name: Ramon Torres Torres, Votes: 0
Candidate ID: 163, Name: Luis Cruz Ramos, Votes: 1
Candidate ID: 166, Name: Ramon Reyes Garcia, Votes: 0
Candidate ID: 168, Name: Rosario Lopez Dela Cruz, Votes: 0
Candidate ID: 174, Name: Rosario Bautista Ramos, Votes: 1
Candidate ID: 175, Name: Ramon Torres Torres, Votes: 1
Candidate ID: 176, Name: Rosario Bautista Ramoss, Votes: 1
Candidate ID: 177, Name: Ramon Torres Torress, Votes: 1
Candidate ID: 176, Name: Rosario Bautista Ramoss, Votes: 1
Candidate ID: 177, Name: Ramon Torres Torress, Votes: 1
Candidate ID: 176, Name: Rosario Bautista Ramoss, Votes: 1
Candidate ID: 177, Name: Ramon Torres Torress, Votes: 1
Candidate ID: 176, Name: Rosario Bautista Ramoss, Votes: 1
Candidate ID: 177, Name: Ramon Torres Torress, Votes: 1
Candidate ID: 176, Name: Rosario Bautista Ramoss, Votes: 1
Candidate ID: 177, Name: Ramon Torres Torress, Votes: 1
Candidate ID: 176, Name: Rosario Bautista Ramoss, Votes: 1
Candidate ID: 177, Name: Ramon Torres Torress, Votes: 1
Candidate ID: 176, Name: Rosario Bautista Ramoss, Votes: 1
Candidate ID: 177, Name: Ramon Torres Torress, Votes: 1
Candidate ID: 176, Name: Rosario Bautista Ramoss, Votes: 1
Candidate ID: 177, Name: Ramon Torres Torress, Votes: 1
Candidate ID: 176, Name: Rosario Bautista Ramoss, Votes: 1
Candidate ID: 177, Name: Ramon Torres Torress, Votes: 1
Winners for Test Election 1 (Voting Period ID: 23): Array
(
    [President|Unknown] => Array
        (
            [0] => 176
        )

    [Senator|College of Computing Studies] => Array
        (
            [0] => 177
        )

)

Candidate ID: 174, Name: Rosario Bautista Ramos, Votes: 0
Candidate ID: 175, Name: Ramon Torres Torres, Votes: 0
Winners for Test Election (Voting Period ID: 22): Array
(
    [President|Unknown] => Array
        (
            [0] => 174
        )

    [Councilor|College of Computing Studies] => Array
        (
            [0] => 175
        )

)

Candidate ID: 174, Name: Rosario Bautista Ramos, Votes: 0
Candidate ID: 175, Name: Ramon Torres Torres, Votes: 0
Winners for Test Election (Voting Period ID: 22): Array
(
    [President|Unknown] => Array
        (
            [0] => 174
        )

    [Councilor|College of Computing Studies] => Array
        (
            [0] => 175
        )

)

Candidate ID: 176, Name: Rosario Bautista Ramoss, Votes: 1
Candidate ID: 177, Name: Ramon Torres Torress, Votes: 1
Winners for Test Election 1 (Voting Period ID: 23): Array
(
    [President|Unknown] => Array
        (
            [0] => 176
        )

    [Senator|College of Computing Studies] => Array
        (
            [0] => 177
        )

)

Candidate ID: 178, Name: Rosario Bautista Ramos, Votes: 0
Candidate ID: 179, Name: Ramon Torres Torres, Votes: 0
Candidate ID: 180, Name: Maria Rivera Torres, Votes: 0
Candidate ID: 181, Name: Luis Cruz Ramos, Votes: 0
Candidate ID: 182, Name: Josefina Lopez Reyes, Votes: 0
Candidate ID: 183, Name: Antonio Rivera Bautista, Votes: 0
Candidate ID: 184, Name: Ligaya Bautista Gonzales, Votes: 0
Candidate ID: 185, Name: Ana Domingo Bautista, Votes: 0
Winners for Test Election (Voting Period ID: 25): Array
(
    [President|College of Computing Studies] => Array
        (
        )

    [Vice-President|College of Computing Studies] => Array
        (
        )

    [Senator|College of Computing Studies] => Array
        (
        )

    [Board Member|College of Computing Studies] => Array
        (
        )

)

Candidate ID: 186, Name: Rosario Bautista Ramos, Votes: 0
Candidate ID: 187, Name: Ramon Torres Torres, Votes: 0
Candidate ID: 188, Name: Maria Rivera Torres, Votes: 0
Candidate ID: 189, Name: Luis Cruz Ramos, Votes: 0
Candidate ID: 190, Name: Josefina Lopez Reyes, Votes: 0
Candidate ID: 191, Name: Antonio Rivera Bautista, Votes: 0
Winners for New Election (Voting Period ID: 26): Array
(
    [Hey|College of Computing Studies] => Array
        (
        )

    [Blud|College of Computing Studies] => Array
        (
        )

    [Young|College of Computing Studies] => Array
        (
        )

)

Candidate ID: 192, Name: Rosario Bautista Ramos, Votes: 1
Candidate ID: 193, Name: Ramon Torres Torres, Votes: 1
Candidate ID: 194, Name: Maria Rivera Torres, Votes: 0
Candidate ID: 195, Name: Luis Cruz Ramos, Votes: 2
Candidate ID: 196, Name: Josefina Lopez Reyes, Votes: 1
Candidate ID: 197, Name: Antonio Rivera Bautista, Votes: 1
Winners for Test Election (Voting Period ID: 27): Array
(
    [President|College of Computing Studies] => Array
        (
            [0] => 192
        )

    [Vice-President|College of Computing Studies] => Array
        (
            [0] => 193
        )

    [Senator|College of Computing Studies] => Array
        (
            [0] => 194
        )

    [President|College of Engineering] => Array
        (
            [0] => 195
        )

    [Vice-President|College of Engineering] => Array
        (
            [0] => 196
        )

    [Senator|College of Engineering] => Array
        (
            [0] => 197
        )

)

Candidate ID: 182, Name: AHMAD PANDAOG AQUINO, Votes: 2
Candidate ID: 183, Name: HEY ONIQUAS WOWERS, Votes: 3
Candidate ID: 184, Name: Mark M Roberts, Votes: 2
Candidate ID: 185, Name: Janice M Livet, Votes: 3
Candidate ID: 186, Name: Cris M Stuffus, Votes: 3
Candidate ID: 186, Name: Cris M Stuffus, Votes: 3
Candidate ID: 187, Name: Jade M Topher, Votes: 2
Candidate ID: 188, Name: Kei M Agi, Votes: 2
Candidate ID: 189, Name: Kindred M Hiligay, Votes: 1
Candidate ID: 190, Name: Wanda M Muas, Votes: 2
Candidate ID: 191, Name: John M John, Votes: 1
Candidate ID: 192, Name: Markus M Trump, Votes: 1
Candidate ID: 193, Name: Henry M Caldwell, Votes: 2
Winners for Test Election (Voting Period ID: 24): Array
(
    [President|College of Computing Studies] => Array
        (
            [0] => 182
            [1] => 188
        )

    [Vice-President|College of Computing Studies] => Array
        (
            [0] => 183
        )

    [Mayor|College of Engineering] => Array
        (
            [0] => 184
        )

    [Vice-Mayor|College of Engineering] => Array
        (
            [0] => 185
        )

    [Senator|College of Computing Studies] => Array
        (
            [0] => 186
        )

    [Senator|College of Engineering] => Array
        (
            [0] => 186
        )

    [Councillor|College of Engineering] => Array
        (
            [0] => 187
        )

    [Mayor|College of Computing Studies] => Array
        (
            [0] => 190
        )

    [Vice-Mayor|College of Computing Studies] => Array
        (
            [0] => 191
        )

    [Councillor|College of Computing Studies] => Array
        (
            [0] => 193
        )

)

